<?xml version="1.0" encoding="UTF-8"?>
<!DOCTYPE coverage SYSTEM "https://raw.githubusercontent.com/cobertura/cobertura/master/cobertura/src/site/htdocs/xml/coverage-04.dtd">
<coverage line-rate="0" branch-rate="0" lines-covered="0" lines-valid="250" branches-covered="0" branches-valid="0" complexity="0" version="3.6.4" timestamp="2024-05-29 13:03:23.862146">
  <sources>
    <source>/__w/teal.connectors.ssh/teal.connectors.ssh/teal.connectors.ssh</source>
  </sources>
  <packages>
    <package name="teal.connectors.ssh" line-rate="0" branch-rate="0" complexity="0">
      <classes>
        <class name="ssh_connector.R" filename="R/ssh_connector.R" line-rate="0" branch-rate="0" complexity="0">
          <methods>
            <method name="ssh_connector" signature="" line-rate="0" branch-rate="0" complexity="0">
              <lines>
                <line number="56" hits="0" branch="false"/>
                <line number="57" hits="0" branch="false"/>
                <line number="58" hits="0" branch="false"/>
                <line number="59" hits="0" branch="false"/>
                <line number="60" hits="0" branch="false"/>
                <line number="62" hits="0" branch="false"/>
                <line number="63" hits="0" branch="false"/>
                <line number="64" hits="0" branch="false"/>
                <line number="65" hits="0" branch="false"/>
                <line number="68" hits="0" branch="false"/>
                <line number="69" hits="0" branch="false"/>
                <line number="70" hits="0" branch="false"/>
                <line number="71" hits="0" branch="false"/>
                <line number="72" hits="0" branch="false"/>
                <line number="73" hits="0" branch="false"/>
                <line number="74" hits="0" branch="false"/>
                <line number="76" hits="0" branch="false"/>
                <line number="77" hits="0" branch="false"/>
                <line number="78" hits="0" branch="false"/>
                <line number="79" hits="0" branch="false"/>
                <line number="80" hits="0" branch="false"/>
                <line number="81" hits="0" branch="false"/>
                <line number="82" hits="0" branch="false"/>
                <line number="83" hits="0" branch="false"/>
                <line number="84" hits="0" branch="false"/>
                <line number="85" hits="0" branch="false"/>
                <line number="86" hits="0" branch="false"/>
                <line number="87" hits="0" branch="false"/>
                <line number="88" hits="0" branch="false"/>
                <line number="89" hits="0" branch="false"/>
                <line number="90" hits="0" branch="false"/>
                <line number="91" hits="0" branch="false"/>
                <line number="93" hits="0" branch="false"/>
                <line number="94" hits="0" branch="false"/>
                <line number="95" hits="0" branch="false"/>
                <line number="96" hits="0" branch="false"/>
                <line number="97" hits="0" branch="false"/>
                <line number="98" hits="0" branch="false"/>
                <line number="99" hits="0" branch="false"/>
                <line number="100" hits="0" branch="false"/>
                <line number="101" hits="0" branch="false"/>
                <line number="102" hits="0" branch="false"/>
                <line number="103" hits="0" branch="false"/>
                <line number="104" hits="0" branch="false"/>
                <line number="105" hits="0" branch="false"/>
                <line number="106" hits="0" branch="false"/>
                <line number="107" hits="0" branch="false"/>
                <line number="108" hits="0" branch="false"/>
                <line number="109" hits="0" branch="false"/>
                <line number="110" hits="0" branch="false"/>
                <line number="111" hits="0" branch="false"/>
                <line number="112" hits="0" branch="false"/>
                <line number="113" hits="0" branch="false"/>
                <line number="114" hits="0" branch="false"/>
                <line number="115" hits="0" branch="false"/>
                <line number="116" hits="0" branch="false"/>
                <line number="117" hits="0" branch="false"/>
                <line number="118" hits="0" branch="false"/>
                <line number="119" hits="0" branch="false"/>
                <line number="120" hits="0" branch="false"/>
                <line number="121" hits="0" branch="false"/>
                <line number="122" hits="0" branch="false"/>
                <line number="123" hits="0" branch="false"/>
                <line number="124" hits="0" branch="false"/>
                <line number="126" hits="0" branch="false"/>
                <line number="129" hits="0" branch="false"/>
                <line number="130" hits="0" branch="false"/>
                <line number="131" hits="0" branch="false"/>
                <line number="132" hits="0" branch="false"/>
                <line number="133" hits="0" branch="false"/>
                <line number="134" hits="0" branch="false"/>
                <line number="135" hits="0" branch="false"/>
                <line number="136" hits="0" branch="false"/>
                <line number="137" hits="0" branch="false"/>
                <line number="138" hits="0" branch="false"/>
                <line number="141" hits="0" branch="false"/>
                <line number="142" hits="0" branch="false"/>
                <line number="144" hits="0" branch="false"/>
                <line number="145" hits="0" branch="false"/>
                <line number="146" hits="0" branch="false"/>
                <line number="147" hits="0" branch="false"/>
                <line number="148" hits="0" branch="false"/>
                <line number="149" hits="0" branch="false"/>
                <line number="150" hits="0" branch="false"/>
                <line number="151" hits="0" branch="false"/>
                <line number="153" hits="0" branch="false"/>
                <line number="154" hits="0" branch="false"/>
                <line number="155" hits="0" branch="false"/>
                <line number="156" hits="0" branch="false"/>
                <line number="157" hits="0" branch="false"/>
                <line number="159" hits="0" branch="false"/>
                <line number="160" hits="0" branch="false"/>
                <line number="161" hits="0" branch="false"/>
                <line number="162" hits="0" branch="false"/>
                <line number="163" hits="0" branch="false"/>
                <line number="164" hits="0" branch="false"/>
                <line number="165" hits="0" branch="false"/>
                <line number="167" hits="0" branch="false"/>
                <line number="168" hits="0" branch="false"/>
                <line number="171" hits="0" branch="false"/>
                <line number="172" hits="0" branch="false"/>
                <line number="174" hits="0" branch="false"/>
                <line number="175" hits="0" branch="false"/>
                <line number="176" hits="0" branch="false"/>
                <line number="177" hits="0" branch="false"/>
                <line number="178" hits="0" branch="false"/>
                <line number="179" hits="0" branch="false"/>
                <line number="180" hits="0" branch="false"/>
                <line number="181" hits="0" branch="false"/>
                <line number="182" hits="0" branch="false"/>
                <line number="183" hits="0" branch="false"/>
                <line number="184" hits="0" branch="false"/>
                <line number="185" hits="0" branch="false"/>
                <line number="188" hits="0" branch="false"/>
                <line number="189" hits="0" branch="false"/>
                <line number="190" hits="0" branch="false"/>
                <line number="191" hits="0" branch="false"/>
                <line number="192" hits="0" branch="false"/>
                <line number="193" hits="0" branch="false"/>
                <line number="194" hits="0" branch="false"/>
                <line number="195" hits="0" branch="false"/>
                <line number="196" hits="0" branch="false"/>
                <line number="198" hits="0" branch="false"/>
                <line number="199" hits="0" branch="false"/>
                <line number="200" hits="0" branch="false"/>
                <line number="201" hits="0" branch="false"/>
              </lines>
            </method>
            <method name="ssh_connect_ui" signature="" line-rate="0" branch-rate="0" complexity="0">
              <lines>
                <line number="215" hits="0" branch="false"/>
                <line number="216" hits="0" branch="false"/>
                <line number="218" hits="0" branch="false"/>
                <line number="219" hits="0" branch="false"/>
                <line number="220" hits="0" branch="false"/>
                <line number="221" hits="0" branch="false"/>
                <line number="222" hits="0" branch="false"/>
                <line number="223" hits="0" branch="false"/>
                <line number="224" hits="0" branch="false"/>
                <line number="225" hits="0" branch="false"/>
                <line number="226" hits="0" branch="false"/>
                <line number="227" hits="0" branch="false"/>
                <line number="228" hits="0" branch="false"/>
                <line number="229" hits="0" branch="false"/>
                <line number="230" hits="0" branch="false"/>
                <line number="231" hits="0" branch="false"/>
                <line number="232" hits="0" branch="false"/>
                <line number="233" hits="0" branch="false"/>
                <line number="234" hits="0" branch="false"/>
                <line number="235" hits="0" branch="false"/>
                <line number="236" hits="0" branch="false"/>
                <line number="237" hits="0" branch="false"/>
                <line number="238" hits="0" branch="false"/>
                <line number="239" hits="0" branch="false"/>
                <line number="240" hits="0" branch="false"/>
                <line number="241" hits="0" branch="false"/>
                <line number="242" hits="0" branch="false"/>
                <line number="243" hits="0" branch="false"/>
                <line number="244" hits="0" branch="false"/>
                <line number="245" hits="0" branch="false"/>
                <line number="246" hits="0" branch="false"/>
                <line number="247" hits="0" branch="false"/>
                <line number="248" hits="0" branch="false"/>
                <line number="249" hits="0" branch="false"/>
                <line number="250" hits="0" branch="false"/>
                <line number="251" hits="0" branch="false"/>
                <line number="252" hits="0" branch="false"/>
                <line number="253" hits="0" branch="false"/>
                <line number="254" hits="0" branch="false"/>
                <line number="255" hits="0" branch="false"/>
                <line number="256" hits="0" branch="false"/>
                <line number="257" hits="0" branch="false"/>
              </lines>
            </method>
            <method name="ssh_authenticator" signature="" line-rate="0" branch-rate="0" complexity="0">
              <lines>
                <line number="279" hits="0" branch="false"/>
                <line number="281" hits="0" branch="false"/>
                <line number="282" hits="0" branch="false"/>
                <line number="283" hits="0" branch="false"/>
                <line number="284" hits="0" branch="false"/>
                <line number="285" hits="0" branch="false"/>
                <line number="286" hits="0" branch="false"/>
                <line number="287" hits="0" branch="false"/>
                <line number="288" hits="0" branch="false"/>
                <line number="289" hits="0" branch="false"/>
                <line number="290" hits="0" branch="false"/>
                <line number="292" hits="0" branch="false"/>
                <line number="293" hits="0" branch="false"/>
                <line number="294" hits="0" branch="false"/>
                <line number="295" hits="0" branch="false"/>
                <line number="298" hits="0" branch="false"/>
                <line number="299" hits="0" branch="false"/>
                <line number="300" hits="0" branch="false"/>
                <line number="301" hits="0" branch="false"/>
                <line number="304" hits="0" branch="false"/>
                <line number="305" hits="0" branch="false"/>
                <line number="308" hits="0" branch="false"/>
                <line number="309" hits="0" branch="false"/>
                <line number="311" hits="0" branch="false"/>
                <line number="312" hits="0" branch="false"/>
                <line number="313" hits="0" branch="false"/>
                <line number="314" hits="0" branch="false"/>
                <line number="316" hits="0" branch="false"/>
                <line number="317" hits="0" branch="false"/>
                <line number="318" hits="0" branch="false"/>
                <line number="319" hits="0" branch="false"/>
                <line number="320" hits="0" branch="false"/>
                <line number="321" hits="0" branch="false"/>
                <line number="322" hits="0" branch="false"/>
                <line number="323" hits="0" branch="false"/>
                <line number="324" hits="0" branch="false"/>
                <line number="325" hits="0" branch="false"/>
                <line number="326" hits="0" branch="false"/>
                <line number="327" hits="0" branch="false"/>
                <line number="328" hits="0" branch="false"/>
              </lines>
            </method>
          </methods>
          <lines>
            <line number="56" hits="0" branch="false"/>
            <line number="57" hits="0" branch="false"/>
            <line number="58" hits="0" branch="false"/>
            <line number="59" hits="0" branch="false"/>
            <line number="60" hits="0" branch="false"/>
            <line number="62" hits="0" branch="false"/>
            <line number="63" hits="0" branch="false"/>
            <line number="64" hits="0" branch="false"/>
            <line number="65" hits="0" branch="false"/>
            <line number="68" hits="0" branch="false"/>
            <line number="69" hits="0" branch="false"/>
            <line number="70" hits="0" branch="false"/>
            <line number="71" hits="0" branch="false"/>
            <line number="72" hits="0" branch="false"/>
            <line number="73" hits="0" branch="false"/>
            <line number="74" hits="0" branch="false"/>
            <line number="76" hits="0" branch="false"/>
            <line number="77" hits="0" branch="false"/>
            <line number="78" hits="0" branch="false"/>
            <line number="79" hits="0" branch="false"/>
            <line number="80" hits="0" branch="false"/>
            <line number="81" hits="0" branch="false"/>
            <line number="82" hits="0" branch="false"/>
            <line number="83" hits="0" branch="false"/>
            <line number="84" hits="0" branch="false"/>
            <line number="85" hits="0" branch="false"/>
            <line number="86" hits="0" branch="false"/>
            <line number="87" hits="0" branch="false"/>
            <line number="88" hits="0" branch="false"/>
            <line number="89" hits="0" branch="false"/>
            <line number="90" hits="0" branch="false"/>
            <line number="91" hits="0" branch="false"/>
            <line number="93" hits="0" branch="false"/>
            <line number="94" hits="0" branch="false"/>
            <line number="95" hits="0" branch="false"/>
            <line number="96" hits="0" branch="false"/>
            <line number="97" hits="0" branch="false"/>
            <line number="98" hits="0" branch="false"/>
            <line number="99" hits="0" branch="false"/>
            <line number="100" hits="0" branch="false"/>
            <line number="101" hits="0" branch="false"/>
            <line number="102" hits="0" branch="false"/>
            <line number="103" hits="0" branch="false"/>
            <line number="104" hits="0" branch="false"/>
            <line number="105" hits="0" branch="false"/>
            <line number="106" hits="0" branch="false"/>
            <line number="107" hits="0" branch="false"/>
            <line number="108" hits="0" branch="false"/>
            <line number="109" hits="0" branch="false"/>
            <line number="110" hits="0" branch="false"/>
            <line number="111" hits="0" branch="false"/>
            <line number="112" hits="0" branch="false"/>
            <line number="113" hits="0" branch="false"/>
            <line number="114" hits="0" branch="false"/>
            <line number="115" hits="0" branch="false"/>
            <line number="116" hits="0" branch="false"/>
            <line number="117" hits="0" branch="false"/>
            <line number="118" hits="0" branch="false"/>
            <line number="119" hits="0" branch="false"/>
            <line number="120" hits="0" branch="false"/>
            <line number="121" hits="0" branch="false"/>
            <line number="122" hits="0" branch="false"/>
            <line number="123" hits="0" branch="false"/>
            <line number="124" hits="0" branch="false"/>
            <line number="126" hits="0" branch="false"/>
            <line number="129" hits="0" branch="false"/>
            <line number="130" hits="0" branch="false"/>
            <line number="131" hits="0" branch="false"/>
            <line number="132" hits="0" branch="false"/>
            <line number="133" hits="0" branch="false"/>
            <line number="134" hits="0" branch="false"/>
            <line number="135" hits="0" branch="false"/>
            <line number="136" hits="0" branch="false"/>
            <line number="137" hits="0" branch="false"/>
            <line number="138" hits="0" branch="false"/>
            <line number="141" hits="0" branch="false"/>
            <line number="142" hits="0" branch="false"/>
            <line number="144" hits="0" branch="false"/>
            <line number="145" hits="0" branch="false"/>
            <line number="146" hits="0" branch="false"/>
            <line number="147" hits="0" branch="false"/>
            <line number="148" hits="0" branch="false"/>
            <line number="149" hits="0" branch="false"/>
            <line number="150" hits="0" branch="false"/>
            <line number="151" hits="0" branch="false"/>
            <line number="153" hits="0" branch="false"/>
            <line number="154" hits="0" branch="false"/>
            <line number="155" hits="0" branch="false"/>
            <line number="156" hits="0" branch="false"/>
            <line number="157" hits="0" branch="false"/>
            <line number="159" hits="0" branch="false"/>
            <line number="160" hits="0" branch="false"/>
            <line number="161" hits="0" branch="false"/>
            <line number="162" hits="0" branch="false"/>
            <line number="163" hits="0" branch="false"/>
            <line number="164" hits="0" branch="false"/>
            <line number="165" hits="0" branch="false"/>
            <line number="167" hits="0" branch="false"/>
            <line number="168" hits="0" branch="false"/>
            <line number="171" hits="0" branch="false"/>
            <line number="172" hits="0" branch="false"/>
            <line number="174" hits="0" branch="false"/>
            <line number="175" hits="0" branch="false"/>
            <line number="176" hits="0" branch="false"/>
            <line number="177" hits="0" branch="false"/>
            <line number="178" hits="0" branch="false"/>
            <line number="179" hits="0" branch="false"/>
            <line number="180" hits="0" branch="false"/>
            <line number="181" hits="0" branch="false"/>
            <line number="182" hits="0" branch="false"/>
            <line number="183" hits="0" branch="false"/>
            <line number="184" hits="0" branch="false"/>
            <line number="185" hits="0" branch="false"/>
            <line number="188" hits="0" branch="false"/>
            <line number="189" hits="0" branch="false"/>
            <line number="190" hits="0" branch="false"/>
            <line number="191" hits="0" branch="false"/>
            <line number="192" hits="0" branch="false"/>
            <line number="193" hits="0" branch="false"/>
            <line number="194" hits="0" branch="false"/>
            <line number="195" hits="0" branch="false"/>
            <line number="196" hits="0" branch="false"/>
            <line number="198" hits="0" branch="false"/>
            <line number="199" hits="0" branch="false"/>
            <line number="200" hits="0" branch="false"/>
            <line number="201" hits="0" branch="false"/>
            <line number="215" hits="0" branch="false"/>
            <line number="216" hits="0" branch="false"/>
            <line number="218" hits="0" branch="false"/>
            <line number="219" hits="0" branch="false"/>
            <line number="220" hits="0" branch="false"/>
            <line number="221" hits="0" branch="false"/>
            <line number="222" hits="0" branch="false"/>
            <line number="223" hits="0" branch="false"/>
            <line number="224" hits="0" branch="false"/>
            <line number="225" hits="0" branch="false"/>
            <line number="226" hits="0" branch="false"/>
            <line number="227" hits="0" branch="false"/>
            <line number="228" hits="0" branch="false"/>
            <line number="229" hits="0" branch="false"/>
            <line number="230" hits="0" branch="false"/>
            <line number="231" hits="0" branch="false"/>
            <line number="232" hits="0" branch="false"/>
            <line number="233" hits="0" branch="false"/>
            <line number="234" hits="0" branch="false"/>
            <line number="235" hits="0" branch="false"/>
            <line number="236" hits="0" branch="false"/>
            <line number="237" hits="0" branch="false"/>
            <line number="238" hits="0" branch="false"/>
            <line number="239" hits="0" branch="false"/>
            <line number="240" hits="0" branch="false"/>
            <line number="241" hits="0" branch="false"/>
            <line number="242" hits="0" branch="false"/>
            <line number="243" hits="0" branch="false"/>
            <line number="244" hits="0" branch="false"/>
            <line number="245" hits="0" branch="false"/>
            <line number="246" hits="0" branch="false"/>
            <line number="247" hits="0" branch="false"/>
            <line number="248" hits="0" branch="false"/>
            <line number="249" hits="0" branch="false"/>
            <line number="250" hits="0" branch="false"/>
            <line number="251" hits="0" branch="false"/>
            <line number="252" hits="0" branch="false"/>
            <line number="253" hits="0" branch="false"/>
            <line number="254" hits="0" branch="false"/>
            <line number="255" hits="0" branch="false"/>
            <line number="256" hits="0" branch="false"/>
            <line number="257" hits="0" branch="false"/>
            <line number="279" hits="0" branch="false"/>
            <line number="281" hits="0" branch="false"/>
            <line number="282" hits="0" branch="false"/>
            <line number="283" hits="0" branch="false"/>
            <line number="284" hits="0" branch="false"/>
            <line number="285" hits="0" branch="false"/>
            <line number="286" hits="0" branch="false"/>
            <line number="287" hits="0" branch="false"/>
            <line number="288" hits="0" branch="false"/>
            <line number="289" hits="0" branch="false"/>
            <line number="290" hits="0" branch="false"/>
            <line number="292" hits="0" branch="false"/>
            <line number="293" hits="0" branch="false"/>
            <line number="294" hits="0" branch="false"/>
            <line number="295" hits="0" branch="false"/>
            <line number="298" hits="0" branch="false"/>
            <line number="299" hits="0" branch="false"/>
            <line number="300" hits="0" branch="false"/>
            <line number="301" hits="0" branch="false"/>
            <line number="304" hits="0" branch="false"/>
            <line number="305" hits="0" branch="false"/>
            <line number="308" hits="0" branch="false"/>
            <line number="309" hits="0" branch="false"/>
            <line number="311" hits="0" branch="false"/>
            <line number="312" hits="0" branch="false"/>
            <line number="313" hits="0" branch="false"/>
            <line number="314" hits="0" branch="false"/>
            <line number="316" hits="0" branch="false"/>
            <line number="317" hits="0" branch="false"/>
            <line number="318" hits="0" branch="false"/>
            <line number="319" hits="0" branch="false"/>
            <line number="320" hits="0" branch="false"/>
            <line number="321" hits="0" branch="false"/>
            <line number="322" hits="0" branch="false"/>
            <line number="323" hits="0" branch="false"/>
            <line number="324" hits="0" branch="false"/>
            <line number="325" hits="0" branch="false"/>
            <line number="326" hits="0" branch="false"/>
            <line number="327" hits="0" branch="false"/>
            <line number="328" hits="0" branch="false"/>
          </lines>
        </class>
        <class name="utils.R" filename="R/utils.R" line-rate="0" branch-rate="0" complexity="0">
          <methods>
            <method name="ssh_module_name" signature="" line-rate="0" branch-rate="0" complexity="0">
              <lines>
                <line number="3" hits="0" branch="false"/>
                <line number="4" hits="0" branch="false"/>
                <line number="5" hits="0" branch="false"/>
              </lines>
            </method>
            <method name="error_ui" signature="" line-rate="0" branch-rate="0" complexity="0">
              <lines>
                <line number="10" hits="0" branch="false"/>
                <line number="11" hits="0" branch="false"/>
                <line number="13" hits="0" branch="false"/>
                <line number="14" hits="0" branch="false"/>
                <line number="15" hits="0" branch="false"/>
                <line number="16" hits="0" branch="false"/>
                <line number="17" hits="0" branch="false"/>
                <line number="18" hits="0" branch="false"/>
                <line number="19" hits="0" branch="false"/>
                <line number="20" hits="0" branch="false"/>
                <line number="21" hits="0" branch="false"/>
                <line number="22" hits="0" branch="false"/>
                <line number="23" hits="0" branch="false"/>
                <line number="24" hits="0" branch="false"/>
                <line number="25" hits="0" branch="false"/>
                <line number="26" hits="0" branch="false"/>
                <line number="27" hits="0" branch="false"/>
                <line number="28" hits="0" branch="false"/>
                <line number="29" hits="0" branch="false"/>
                <line number="30" hits="0" branch="false"/>
                <line number="31" hits="0" branch="false"/>
                <line number="32" hits="0" branch="false"/>
                <line number="33" hits="0" branch="false"/>
                <line number="34" hits="0" branch="false"/>
                <line number="35" hits="0" branch="false"/>
                <line number="36" hits="0" branch="false"/>
                <line number="37" hits="0" branch="false"/>
                <line number="38" hits="0" branch="false"/>
                <line number="39" hits="0" branch="false"/>
                <line number="40" hits="0" branch="false"/>
                <line number="41" hits="0" branch="false"/>
                <line number="42" hits="0" branch="false"/>
                <line number="43" hits="0" branch="false"/>
                <line number="44" hits="0" branch="false"/>
                <line number="45" hits="0" branch="false"/>
                <line number="46" hits="0" branch="false"/>
                <line number="47" hits="0" branch="false"/>
                <line number="48" hits="0" branch="false"/>
                <line number="49" hits="0" branch="false"/>
              </lines>
            </method>
          </methods>
          <lines>
            <line number="3" hits="0" branch="false"/>
            <line number="4" hits="0" branch="false"/>
            <line number="5" hits="0" branch="false"/>
            <line number="10" hits="0" branch="false"/>
            <line number="11" hits="0" branch="false"/>
            <line number="13" hits="0" branch="false"/>
            <line number="14" hits="0" branch="false"/>
            <line number="15" hits="0" branch="false"/>
            <line number="16" hits="0" branch="false"/>
            <line number="17" hits="0" branch="false"/>
            <line number="18" hits="0" branch="false"/>
            <line number="19" hits="0" branch="false"/>
            <line number="20" hits="0" branch="false"/>
            <line number="21" hits="0" branch="false"/>
            <line number="22" hits="0" branch="false"/>
            <line number="23" hits="0" branch="false"/>
            <line number="24" hits="0" branch="false"/>
            <line number="25" hits="0" branch="false"/>
            <line number="26" hits="0" branch="false"/>
            <line number="27" hits="0" branch="false"/>
            <line number="28" hits="0" branch="false"/>
            <line number="29" hits="0" branch="false"/>
            <line number="30" hits="0" branch="false"/>
            <line number="31" hits="0" branch="false"/>
            <line number="32" hits="0" branch="false"/>
            <line number="33" hits="0" branch="false"/>
            <line number="34" hits="0" branch="false"/>
            <line number="35" hits="0" branch="false"/>
            <line number="36" hits="0" branch="false"/>
            <line number="37" hits="0" branch="false"/>
            <line number="38" hits="0" branch="false"/>
            <line number="39" hits="0" branch="false"/>
            <line number="40" hits="0" branch="false"/>
            <line number="41" hits="0" branch="false"/>
            <line number="42" hits="0" branch="false"/>
            <line number="43" hits="0" branch="false"/>
            <line number="44" hits="0" branch="false"/>
            <line number="45" hits="0" branch="false"/>
            <line number="46" hits="0" branch="false"/>
            <line number="47" hits="0" branch="false"/>
            <line number="48" hits="0" branch="false"/>
            <line number="49" hits="0" branch="false"/>
          </lines>
        </class>
      </classes>
    </package>
  </packages>
</coverage>
